---
  0 debug pnpm:scope: 
    selected: 1
    workspacePrefix: null
  1 info pnpm: 
    message: "A store server is running. All store manipulations are delegated to it."
    prefix: "/app"
  2 debug pnpm:package-json: 
    initial: 
      name: "testconcept"
      version: "0.0.1"
      description: "backend"
      main: "server.js"
      scripts: 
        start: "node myApp.js"
      dependencies: 
        express: "^4.17.1"
        helmet: "^4.6.0"
        nocache: "^3.0.1"
        permissions-policy: "^0.6.0"
      keywords: 
        - "node"
        - "express"
      license: "MIT"
      gitHead: "814b0f9b88c53382bd41d1bc8992c383a92fe99e"
      readme: "ERROR: No README data found!"
      _id: "testconcept@0.0.1"
    prefix: "/app"
  3 warn pnpm: 
    message: "Moving express that was installed by a different package manager to \"node_modules/.ignored"
    prefix: "/app"
  4 error pnpm: 
    message: 
      errno: -39
      code: "ENOTEMPTY"
      syscall: "rename"
      path: "/rbd/pnpm-volume/928fc418-9e81-44cb-ac3e-222318f405ce/node_modules/express"
      dest: "/rbd/pnpm-volume/928fc418-9e81-44cb-ac3e-222318f405ce/node_modules/.ignored/express"
    err: 
      name: "Error"
      message: "ENOTEMPTY: directory not empty, rename '/rbd/pnpm-volume/928fc418-9e81-44cb-ac3e-222318f405ce/node_modules/express' -> '/rbd/pnpm-volume/928fc418-9e81-44cb-ac3e-222318f405ce/node_modules/.ignored/express'"
      code: "ENOTEMPTY"
      stack: "Error: ENOTEMPTY: directory not empty, rename '/rbd/pnpm-volume/928fc418-9e81-44cb-ac3e-222318f405ce/node_modules/express' -> '/rbd/pnpm-volume/928fc418-9e81-44cb-ac3e-222318f405ce/node_modules/.ignored/express'"
